<?xml version="1.0" encoding="UTF-8"?>
<!-- Generated by org.testng.reporters.JUnitReportReporter -->
<testsuite hostname="INL-6RZYRV3" failures="0" tests="1" name="com.restassured.User.UserLogin" time="1.558" errors="0" timestamp="2023-10-07T18:45:45 IST" skipped="0">
  <testcase classname="com.restassured.User.UserLogin" name="UserRelated" time="1.558"/>
  <system-out/>
</testsuite> <!-- com.restassured.User.UserLogin -->
