<?xml version="1.0" encoding="UTF-8"?>
<!-- Generated by org.testng.reporters.JUnitReportReporter -->
<testsuite hostname="INL-6RZYRV3" failures="0" tests="1" name="com.restassured.User.UserAbleToAddProductInCart" time="1.242" errors="0" timestamp="2023-10-07T19:23:53 IST" skipped="0">
  <testcase classname="com.restassured.User.UserAbleToAddProductInCart" name="UserRelated" time="1.242"/>
  <system-out/>
</testsuite> <!-- com.restassured.User.UserAbleToAddProductInCart -->
