<?xml version="1.0" encoding="UTF-8"?>
<!-- Generated by org.testng.reporters.JUnitReportReporter -->
<testsuite hostname="INL-6RZYRV3" failures="0" tests="1" name="com.restassured.User.UserAbleToRemoveProductsInCart" time="1.014" errors="0" timestamp="2023-10-07T19:32:13 IST" skipped="0">
  <testcase classname="com.restassured.User.UserAbleToRemoveProductsInCart" name="UserRelated" time="1.014"/>
  <system-out/>
</testsuite> <!-- com.restassured.User.UserAbleToRemoveProductsInCart -->
