<?xml version="1.0" encoding="UTF-8"?>
<!-- Generated by org.testng.reporters.JUnitReportReporter -->
<testsuite hostname="INL-6RZYRV3" failures="0" tests="1" name="com.restassured.Admin.AdminRegistration" time="1.045" errors="0" timestamp="2023-10-09T10:49:58 IST" skipped="0">
  <testcase classname="com.restassured.Admin.AdminRegistration" name="AdminRelated" time="1.045"/>
  <system-out/>
</testsuite> <!-- com.restassured.Admin.AdminRegistration -->
