<?xml version="1.0" encoding="UTF-8"?>
<!-- Generated by org.testng.reporters.JUnitReportReporter -->
<testsuite hostname="INL-6RZYRV3" failures="0" tests="1" name="com.restassured.User.UserAbleToUpdateProductInCart" time="0.999" errors="0" timestamp="2023-10-07T19:28:42 IST" skipped="0">
  <testcase classname="com.restassured.User.UserAbleToUpdateProductInCart" name="UserRelated" time="0.999"/>
  <system-out/>
</testsuite> <!-- com.restassured.User.UserAbleToUpdateProductInCart -->
