<?xml version="1.0" encoding="UTF-8"?>
<!-- Generated by org.testng.reporters.JUnitReportReporter -->
<testsuite hostname="INL-6RZYRV3" failures="0" tests="1" name="com.restassured.User.UserRegistration" time="1.069" errors="0" timestamp="2023-10-10T12:01:28 IST" skipped="0">
  <testcase classname="com.restassured.User.UserRegistration" name="UserRelated" time="1.069"/>
  <system-out/>
</testsuite> <!-- com.restassured.User.UserRegistration -->
