<?xml version="1.0" encoding="UTF-8"?>
<!-- Generated by org.testng.reporters.JUnitReportReporter -->
<testsuite hostname="INL-6RZYRV3" failures="0" tests="1" name="com.restassured.User.UserDteails" time="1.017" errors="0" timestamp="2023-10-10T15:19:18 IST" skipped="0">
  <testcase classname="com.restassured.User.UserDteails" name="UserRelated" time="1.017"/>
  <system-out/>
</testsuite> <!-- com.restassured.User.UserDteails -->
