<?xml version="1.0" encoding="UTF-8"?>
<!-- Generated by org.testng.reporters.JUnitReportReporter -->
<testsuite hostname="INL-6RZYRV3" failures="0" tests="1" name="com.restassured.User.UserContactNumberByContactId" time="1.014" errors="0" timestamp="2023-10-10T15:20:30 IST" skipped="0">
  <testcase classname="com.restassured.User.UserContactNumberByContactId" name="UserRelated" time="1.014"/>
  <system-out/>
</testsuite> <!-- com.restassured.User.UserContactNumberByContactId -->
