<?xml version="1.0" encoding="UTF-8"?>
<!-- Generated by org.testng.reporters.JUnitReportReporter -->
<testsuite hostname="INL-6RZYRV3" failures="0" tests="1" name="com.restassured.User.UserAbleGetProducts" time="1.404" errors="0" timestamp="2023-10-07T18:50:41 IST" skipped="0">
  <testcase classname="com.restassured.User.UserAbleGetProducts" name="f" time="1.404"/>
  <system-out/>
</testsuite> <!-- com.restassured.User.UserAbleGetProducts -->
