<?xml version="1.0" encoding="UTF-8"?>
<!-- Generated by org.testng.reporters.JUnitReportReporter -->
<testsuite hostname="INL-6RZYRV3" failures="0" tests="1" name="com.restassured.User.UserGetProductsByCategory" time="1.463" errors="0" timestamp="2023-10-07T19:04:59 IST" skipped="0">
  <testcase classname="com.restassured.User.UserGetProductsByCategory" name="UserRelated" time="1.463"/>
  <system-out/>
</testsuite> <!-- com.restassured.User.UserGetProductsByCategory -->
