<?xml version="1.0" encoding="UTF-8"?>
<!-- Generated by org.testng.reporters.JUnitReportReporter -->
<testsuite hostname="INL-6RZYRV3" failures="0" tests="1" name="com.restassured.Admin.AdminPostProduct" time="1.220" errors="0" timestamp="2023-10-09T10:39:32 IST" skipped="0">
  <testcase classname="com.restassured.Admin.AdminPostProduct" name="AdminRelated" time="1.220"/>
  <system-out/>
</testsuite> <!-- com.restassured.Admin.AdminPostProduct -->
