<?xml version="1.0" encoding="UTF-8"?>
<!-- Generated by org.testng.reporters.JUnitReportReporter -->
<testsuite hostname="INL-6RZYRV3" failures="0" tests="1" name="com.restassured.Admin.AdminDeleteProduct" time="0.968" errors="0" timestamp="2023-10-07T18:13:09 IST" skipped="0">
  <testcase classname="com.restassured.Admin.AdminDeleteProduct" name="Deleteprouctbyid" time="0.968"/>
  <system-out/>
</testsuite> <!-- com.restassured.Admin.AdminDeleteProduct -->
