<?xml version="1.0" encoding="UTF-8"?>
<!-- Generated by org.testng.reporters.JUnitReportReporter -->
<testsuite hostname="INL-6RZYRV3" failures="0" tests="1" name="cucumberpackage.Automationtest" time="59.793" errors="0" timestamp="2023-10-17T12:28:00 IST" skipped="0">
  <testcase classname="cucumberpackage.Automationtest" name="testAmazonLogin" time="59.793"/>
  <system-out/>
</testsuite> <!-- cucumberpackage.Automationtest -->
