<?xml version="1.0" encoding="UTF-8"?>
<!-- Generated by org.testng.reporters.JUnitReportReporter -->
<testsuite hostname="INL-6RZYRV3" failures="0" tests="1" name="cucumberpackage.BuyProduct" time="68.034" errors="0" timestamp="2023-10-17T18:27:32 IST" skipped="0">
  <testcase classname="cucumberpackage.BuyProduct" name="f" time="68.034"/>
  <system-out/>
</testsuite> <!-- cucumberpackage.BuyProduct -->
